2022-08-14 21:53:20,094  INFO Microsoft.Hosting.Lifetime.? [?] - MESSAGE: Now listening on: https://localhost:7070
 2022-08-14 21:53:20,340  INFO Microsoft.Hosting.Lifetime.? [?] - MESSAGE: Now listening on: http://localhost:5070
 2022-08-14 21:53:20,357  INFO Microsoft.Hosting.Lifetime.OnApplicationStarted [0] - MESSAGE: Application started. Press Ctrl+C to shut down.
 2022-08-14 21:53:20,367  INFO Microsoft.Hosting.Lifetime.OnApplicationStarted [0] - MESSAGE: Hosting environment: Development
 2022-08-14 21:53:20,371  INFO Microsoft.Hosting.Lifetime.OnApplicationStarted [0] - MESSAGE: Content root path: D:\Applied Hands-on\FABRADE\FABRADE\
 2022-08-14 21:53:26,564  WARN FABRADE.Controllers.fabradeTransactionsController.MoveNext [35] - MESSAGE: Get Action Called
 2022-08-14 21:53:27,393  INFO Microsoft.EntityFrameworkCore.Infrastructure.? [?] - MESSAGE: Entity Framework Core 6.0.7 initialized 'fabradeDBContext' using provider 'Microsoft.EntityFrameworkCore.SqlServer:6.0.7' with options: None
 2022-08-14 21:53:29,645  INFO Microsoft.EntityFrameworkCore.Database.Command.? [?] - MESSAGE: Executed DbCommand (185ms) [Parameters=[], CommandType='Text', CommandTimeout='30']
SELECT [f].[id], [f].[age], [f].[contact_name], [f].[contact_no], [f].[dress_type], [f].[gender], [f].[size]
FROM [fabradeTransactions] AS [f]
 2022-08-14 22:50:46,305  INFO Microsoft.Hosting.Lifetime.? [?] - MESSAGE: Now listening on: https://localhost:7070
 2022-08-14 22:50:46,449  INFO Microsoft.Hosting.Lifetime.? [?] - MESSAGE: Now listening on: http://localhost:5070
 2022-08-14 22:50:46,465  INFO Microsoft.Hosting.Lifetime.OnApplicationStarted [0] - MESSAGE: Application started. Press Ctrl+C to shut down.
 2022-08-14 22:50:46,476  INFO Microsoft.Hosting.Lifetime.OnApplicationStarted [0] - MESSAGE: Hosting environment: Development
 2022-08-14 22:50:46,481  INFO Microsoft.Hosting.Lifetime.OnApplicationStarted [0] - MESSAGE: Content root path: D:\Applied Hands-on\FABRADE\FABRADE\
 2022-08-14 22:50:53,264  WARN FABRADE.Controllers.fabradeTransactionsController.MoveNext [35] - MESSAGE: Get Action Called
 2022-08-14 22:50:54,301  INFO Microsoft.EntityFrameworkCore.Infrastructure.? [?] - MESSAGE: Entity Framework Core 6.0.7 initialized 'fabradeDBContext' using provider 'Microsoft.EntityFrameworkCore.SqlServer:6.0.7' with options: None
 2022-08-14 22:50:56,419  INFO Microsoft.EntityFrameworkCore.Database.Command.? [?] - MESSAGE: Executed DbCommand (148ms) [Parameters=[], CommandType='Text', CommandTimeout='30']
SELECT [f].[id], [f].[age], [f].[contact_name], [f].[contact_no], [f].[dress_type], [f].[gender], [f].[size]
FROM [fabradeTransactions] AS [f]
 